// 重构日志: e3ce5400
// 同步 ID: 90c54722 @ Fri Jul  3 01:55:12 UTC 2026
// 重构日志: 8a723398
// 重构日志: d524d1c9
// 同步 ID: 9a6432e9 @ Fri Jul  3 16:33:54 UTC 2026
// 重构日志: 225afab1
// 重构日志: 1640e441
// 重构日志: 47d2f07c
// 重构日志: 83fec365
// 同步 ID: d06a84d9 @ Sun Jul  5 21:22:25 UTC 2026
// 重构日志: e46d6641
// 重构日志: d9e13115
// 重构日志: e2efdeb6
// 重构日志: 9de0d34c
// 同步 ID: 3f4d3601 @ Thu Jul  9 11:34:21 UTC 2026
// 重构日志: 0e658dac
// 同步 ID: 41034696 @ Sat Jul 11 09:22:15 UTC 2026
// 同步 ID: b2fa6243 @ Sun Jul 12 01:40:02 UTC 2026
// 同步 ID: ff113f21 @ Sun Jul 12 10:43:53 UTC 2026
// 同步 ID: a3a08d05 @ Sun Jul 12 14:21:14 UTC 2026
// 同步 ID: 66d5c055 @ Sun Jul 12 22:50:24 UTC 2026
// 重构日志: 4cfabbd5
// 重构日志: 1bebd4aa
// 同步 ID: f857fc04 @ Thu Jul 16 07:49:21 UTC 2026
// 同步 ID: 202a5cdb @ Thu Jul 16 11:23:13 UTC 2026
// 重构日志: 4390682e
// 重构日志: 5e5983c6
// 同步 ID: bdf206fa @ Sat Jul 18 22:40:00 UTC 2026
// 同步 ID: 3c6a7eec @ Sun Jul 19 01:18:50 UTC 2026
// 同步 ID: 1783cf5a @ Tue Jul 21 13:01:45 UTC 2026
